[2019-12-04T09:40:52.995] [INFO] http - [::1 GET /release?username=admin 200 4ms][http://localhost:8006/release?username=admin HTTP/1.1 Mozilla/5.0 (Windows NT 6.1; Win64; x64) AppleWebKit/537.36 (KHTML, like Gecko) Chrome/77.0.3865.75 Safari/537.36]
[2019-12-04T09:41:17.330] [INFO] http - [::1 GET /release?username=admin 304 11ms][http://localhost:8006/release?username=admin HTTP/1.1 Mozilla/5.0 (Windows NT 6.1; Win64; x64) AppleWebKit/537.36 (KHTML, like Gecko) Chrome/77.0.3865.75 Safari/537.36]
[2019-12-04T09:42:10.196] [INFO] http - [::1 GET /release?username=admin 304 4ms][http://localhost:8006/release?username=admin HTTP/1.1 Mozilla/5.0 (Windows NT 6.1; Win64; x64) AppleWebKit/537.36 (KHTML, like Gecko) Chrome/77.0.3865.75 Safari/537.36]
[2019-12-04T09:42:13.111] [INFO] http - [::1 GET /template?artid=pre 200 4ms][http://localhost:8006/release?username=admin HTTP/1.1 Mozilla/5.0 (Windows NT 6.1; Win64; x64) AppleWebKit/537.36 (KHTML, like Gecko) Chrome/77.0.3865.75 Safari/537.36]
[2019-12-04T09:45:10.912] [INFO] http - [::1 GET /template 304 6ms][ HTTP/1.1 Mozilla/5.0 (iPhone; CPU iPhone OS 11_0 like Mac OS X) AppleWebKit/604.1.38 (KHTML, like Gecko) Version/11.0 Mobile/15A372 Safari/604.1]
[2019-12-04T09:45:11.767] [INFO] http - [::1 GET /template 304 3ms][ HTTP/1.1 Mozilla/5.0 (iPhone; CPU iPhone OS 11_0 like Mac OS X) AppleWebKit/604.1.38 (KHTML, like Gecko) Version/11.0 Mobile/15A372 Safari/604.1]
[2019-12-04T09:45:12.272] [INFO] http - [::1 GET /template 304 8ms][ HTTP/1.1 Mozilla/5.0 (iPhone; CPU iPhone OS 11_0 like Mac OS X) AppleWebKit/604.1.38 (KHTML, like Gecko) Version/11.0 Mobile/15A372 Safari/604.1]
[2019-12-04T09:45:12.740] [INFO] http - [::1 GET /template 304 6ms][ HTTP/1.1 Mozilla/5.0 (iPhone; CPU iPhone OS 11_0 like Mac OS X) AppleWebKit/604.1.38 (KHTML, like Gecko) Version/11.0 Mobile/15A372 Safari/604.1]
[2019-12-04T09:45:27.420] [INFO] http - [::1 GET /template?artid=pre 304 5ms][http://localhost:8006/release?username=admin HTTP/1.1 Mozilla/5.0 (Windows NT 6.1; Win64; x64) AppleWebKit/537.36 (KHTML, like Gecko) Chrome/77.0.3865.75 Safari/537.36]
[2019-12-04T09:45:41.792] [INFO] http - [::1 GET /template?artid=pre 304 4ms][http://localhost:8006/release?username=admin HTTP/1.1 Mozilla/5.0 (iPhone; CPU iPhone OS 11_0 like Mac OS X) AppleWebKit/604.1.38 (KHTML, like Gecko) Version/11.0 Mobile/15A372 Safari/604.1]
[2019-12-04T09:58:40.505] [INFO] http - [::1 GET /template?artid=pre 304 2ms][http://localhost:8006/release?username=admin HTTP/1.1 Mozilla/5.0 (Windows NT 6.1; Win64; x64) AppleWebKit/537.36 (KHTML, like Gecko) Chrome/77.0.3865.75 Safari/537.36]
[2019-12-04T10:13:29.901] [INFO] http - [::1 GET /release?username=admin 200 10ms][http://localhost:8006/release?username=admin HTTP/1.1 Mozilla/5.0 (Windows NT 6.1; Win64; x64) AppleWebKit/537.36 (KHTML, like Gecko) Chrome/77.0.3865.75 Safari/537.36]
[2019-12-04T10:13:41.651] [INFO] http - [::1 GET /template?artid=pre 304 21ms][http://localhost:8006/release?username=admin HTTP/1.1 Mozilla/5.0 (Windows NT 6.1; Win64; x64) AppleWebKit/537.36 (KHTML, like Gecko) Chrome/77.0.3865.75 Safari/537.36]
[2019-12-04T10:13:51.343] [INFO] http - [::1 GET /template?artid=pre 304 5ms][http://localhost:8006/release?username=admin HTTP/1.1 Mozilla/5.0 (iPhone; CPU iPhone OS 11_0 like Mac OS X) AppleWebKit/604.1.38 (KHTML, like Gecko) Version/11.0 Mobile/15A372 Safari/604.1]
[2019-12-04T10:14:03.329] [INFO] http - [::1 GET /release?username=admin 304 15ms][http://localhost:8006/release?username=admin HTTP/1.1 Mozilla/5.0 (Windows NT 6.1; Win64; x64) AppleWebKit/537.36 (KHTML, like Gecko) Chrome/77.0.3865.75 Safari/537.36]
[2019-12-04T10:14:08.775] [INFO] http - [::1 GET /template?artid=pre 304 5ms][http://localhost:8006/release?username=admin HTTP/1.1 Mozilla/5.0 (Windows NT 6.1; Win64; x64) AppleWebKit/537.36 (KHTML, like Gecko) Chrome/77.0.3865.75 Safari/537.36]
[2019-12-04T10:14:14.172] [INFO] http - [::1 GET /template?artid=pre 304 2ms][http://localhost:8006/release?username=admin HTTP/1.1 Mozilla/5.0 (iPhone; CPU iPhone OS 11_0 like Mac OS X) AppleWebKit/604.1.38 (KHTML, like Gecko) Version/11.0 Mobile/15A372 Safari/604.1]
[2019-12-04T10:15:52.609] [INFO] http - [::1 GET /release?username=admin 304 4ms][http://localhost:8006/release?username=admin HTTP/1.1 Mozilla/5.0 (iPhone; CPU iPhone OS 11_0 like Mac OS X) AppleWebKit/604.1.38 (KHTML, like Gecko) Version/11.0 Mobile/15A372 Safari/604.1]
[2019-12-04T10:16:06.731] [INFO] http - [::1 GET /template?artid=pre 304 3ms][http://localhost:8006/release?username=admin HTTP/1.1 Mozilla/5.0 (Windows NT 6.1; Win64; x64) AppleWebKit/537.36 (KHTML, like Gecko) Chrome/77.0.3865.75 Safari/537.36]
[2019-12-04T10:16:15.091] [INFO] http - [::1 GET /template?artid=pre 304 6ms][http://localhost:8006/release?username=admin HTTP/1.1 Mozilla/5.0 (iPhone; CPU iPhone OS 11_0 like Mac OS X) AppleWebKit/604.1.38 (KHTML, like Gecko) Version/11.0 Mobile/15A372 Safari/604.1]
[2019-12-04T10:16:37.315] [INFO] http - [::1 GET /template?artid=pre 304 6ms][http://localhost:8006/release?username=admin HTTP/1.1 Mozilla/5.0 (iPhone; CPU iPhone OS 11_0 like Mac OS X) AppleWebKit/604.1.38 (KHTML, like Gecko) Version/11.0 Mobile/15A372 Safari/604.1]
[2019-12-04T10:21:03.274] [INFO] http - [::1 GET /release?username=admin 304 10ms][http://localhost:8006/release?username=admin HTTP/1.1 Mozilla/5.0 (Windows NT 6.1; Win64; x64) AppleWebKit/537.36 (KHTML, like Gecko) Chrome/77.0.3865.75 Safari/537.36]
[2019-12-04T10:29:18.802] [INFO] http - [::1 GET /release?username=admin 200 9ms][http://localhost:8006/release?username=admin HTTP/1.1 Mozilla/5.0 (Windows NT 6.1; Win64; x64) AppleWebKit/537.36 (KHTML, like Gecko) Chrome/77.0.3865.75 Safari/537.36]
[2019-12-04T10:29:28.775] [INFO] http - [::1 GET /template?artid=pre 304 3ms][http://localhost:8006/release?username=admin HTTP/1.1 Mozilla/5.0 (Windows NT 6.1; Win64; x64) AppleWebKit/537.36 (KHTML, like Gecko) Chrome/77.0.3865.75 Safari/537.36]
[2019-12-04T10:29:58.137] [INFO] http - [::1 POST /upload/image 200 487ms][http://localhost:8006/release?username=admin HTTP/1.1 Mozilla/5.0 (Windows NT 6.1; Win64; x64) AppleWebKit/537.36 (KHTML, like Gecko) Chrome/77.0.3865.75 Safari/537.36]
[2019-12-04T10:33:29.562] [INFO] http - [::1 GET /release?username=admin 304 28ms][http://localhost:8006/release?username=admin HTTP/1.1 Mozilla/5.0 (Windows NT 6.1; Win64; x64) AppleWebKit/537.36 (KHTML, like Gecko) Chrome/77.0.3865.75 Safari/537.36]
[2019-12-04T10:34:13.862] [INFO] http - [::1 GET /release?username=admin 200 9ms][http://localhost:8006/release?username=admin HTTP/1.1 Mozilla/5.0 (Windows NT 6.1; Win64; x64) AppleWebKit/537.36 (KHTML, like Gecko) Chrome/77.0.3865.75 Safari/537.36]
[2019-12-04T10:34:31.963] [INFO] http - [::1 GET /release?username=admin 200 6ms][http://localhost:8006/release?username=admin HTTP/1.1 Mozilla/5.0 (Windows NT 6.1; Win64; x64) AppleWebKit/537.36 (KHTML, like Gecko) Chrome/77.0.3865.75 Safari/537.36]
[2019-12-04T10:36:56.375] [INFO] http - [::1 GET /release?username=admin 200 4ms][http://localhost:8006/release?username=admin HTTP/1.1 Mozilla/5.0 (Windows NT 6.1; Win64; x64) AppleWebKit/537.36 (KHTML, like Gecko) Chrome/77.0.3865.75 Safari/537.36]
[2019-12-04T10:37:10.459] [INFO] http - [::1 GET /release?username=admin 200 13ms][http://localhost:8006/release?username=admin HTTP/1.1 Mozilla/5.0 (Windows NT 6.1; Win64; x64) AppleWebKit/537.36 (KHTML, like Gecko) Chrome/77.0.3865.75 Safari/537.36]
[2019-12-04T10:37:37.248] [INFO] http - [::1 GET /template?artid=pre 304 4ms][http://localhost:8006/release?username=admin HTTP/1.1 Mozilla/5.0 (Windows NT 6.1; Win64; x64) AppleWebKit/537.36 (KHTML, like Gecko) Chrome/77.0.3865.75 Safari/537.36]
[2019-12-04T10:37:48.709] [INFO] http - [::1 GET /template?artid=pre 304 5ms][http://localhost:8006/release?username=admin HTTP/1.1 Mozilla/5.0 (Linux; Android 6.0; Nexus 5 Build/MRA58N) AppleWebKit/537.36 (KHTML, like Gecko) Chrome/77.0.3865.75 Mobile Safari/537.36]
[2019-12-04T10:39:08.886] [INFO] http - [::1 GET /template?artid=pre 304 2ms][http://localhost:8006/release?username=admin HTTP/1.1 Mozilla/5.0 (Windows NT 6.1; Win64; x64) AppleWebKit/537.36 (KHTML, like Gecko) Chrome/77.0.3865.75 Safari/537.36]
[2019-12-04T10:39:17.451] [INFO] http - [::1 GET /template?artid=pre 304 5ms][http://localhost:8006/release?username=admin HTTP/1.1 Mozilla/5.0 (Linux; Android 6.0; Nexus 5 Build/MRA58N) AppleWebKit/537.36 (KHTML, like Gecko) Chrome/77.0.3865.75 Mobile Safari/537.36]
[2019-12-04T10:39:20.792] [INFO] http - [::1 GET /template?artid=pre 304 4ms][http://localhost:8006/release?username=admin HTTP/1.1 Mozilla/5.0 (Linux; Android 6.0; Nexus 5 Build/MRA58N) AppleWebKit/537.36 (KHTML, like Gecko) Chrome/77.0.3865.75 Mobile Safari/537.36]
[2019-12-04T10:39:28.086] [INFO] http - [::1 GET /template?artid=pre 304 4ms][http://localhost:8006/release?username=admin HTTP/1.1 Mozilla/5.0 (Linux; Android 6.0; Nexus 5 Build/MRA58N) AppleWebKit/537.36 (KHTML, like Gecko) Chrome/77.0.3865.75 Mobile Safari/537.36]
[2019-12-04T10:39:29.429] [INFO] http - [::1 GET /template?artid=pre 304 3ms][http://localhost:8006/release?username=admin HTTP/1.1 Mozilla/5.0 (Linux; Android 6.0; Nexus 5 Build/MRA58N) AppleWebKit/537.36 (KHTML, like Gecko) Chrome/77.0.3865.75 Mobile Safari/537.36]
[2019-12-04T10:39:30.508] [INFO] http - [::1 GET /template?artid=pre 304 2ms][http://localhost:8006/release?username=admin HTTP/1.1 Mozilla/5.0 (Linux; Android 6.0; Nexus 5 Build/MRA58N) AppleWebKit/537.36 (KHTML, like Gecko) Chrome/77.0.3865.75 Mobile Safari/537.36]
[2019-12-04T10:39:41.945] [INFO] http - [::1 GET /template?artid=pre 304 2ms][http://localhost:8006/release?username=admin HTTP/1.1 Mozilla/5.0 (Linux; Android 6.0; Nexus 5 Build/MRA58N) AppleWebKit/537.36 (KHTML, like Gecko) Chrome/77.0.3865.75 Mobile Safari/537.36]
[2019-12-04T10:39:58.164] [INFO] http - [::1 GET /template?artid=pre 304 4ms][http://localhost:8006/release?username=admin HTTP/1.1 Mozilla/5.0 (Linux; Android 6.0; Nexus 5 Build/MRA58N) AppleWebKit/537.36 (KHTML, like Gecko) Chrome/77.0.3865.75 Mobile Safari/537.36]
[2019-12-04T10:40:05.715] [INFO] http - [::1 GET /template?artid=pre 304 2ms][http://localhost:8006/release?username=admin HTTP/1.1 Mozilla/5.0 (Windows NT 6.1; Win64; x64) AppleWebKit/537.36 (KHTML, like Gecko) Chrome/77.0.3865.75 Safari/537.36]
[2019-12-04T10:40:09.520] [INFO] http - [::1 GET /template?artid=pre 304 4ms][http://localhost:8006/release?username=admin HTTP/1.1 Mozilla/5.0 (Linux; Android 6.0; Nexus 5 Build/MRA58N) AppleWebKit/537.36 (KHTML, like Gecko) Chrome/77.0.3865.75 Mobile Safari/537.36]
[2019-12-04T10:40:10.641] [INFO] http - [::1 GET /template?artid=pre 304 5ms][http://localhost:8006/release?username=admin HTTP/1.1 Mozilla/5.0 (Linux; Android 6.0; Nexus 5 Build/MRA58N) AppleWebKit/537.36 (KHTML, like Gecko) Chrome/77.0.3865.75 Mobile Safari/537.36]
[2019-12-04T10:40:11.604] [INFO] http - [::1 GET /template?artid=pre 304 4ms][http://localhost:8006/release?username=admin HTTP/1.1 Mozilla/5.0 (Linux; Android 6.0; Nexus 5 Build/MRA58N) AppleWebKit/537.36 (KHTML, like Gecko) Chrome/77.0.3865.75 Mobile Safari/537.36]
[2019-12-04T10:40:12.557] [INFO] http - [::1 GET /template?artid=pre 304 10ms][http://localhost:8006/release?username=admin HTTP/1.1 Mozilla/5.0 (Linux; Android 6.0; Nexus 5 Build/MRA58N) AppleWebKit/537.36 (KHTML, like Gecko) Chrome/77.0.3865.75 Mobile Safari/537.36]
[2019-12-04T10:40:13.428] [INFO] http - [::1 GET /template?artid=pre 304 5ms][http://localhost:8006/release?username=admin HTTP/1.1 Mozilla/5.0 (Linux; Android 6.0; Nexus 5 Build/MRA58N) AppleWebKit/537.36 (KHTML, like Gecko) Chrome/77.0.3865.75 Mobile Safari/537.36]
[2019-12-04T10:40:45.207] [INFO] http - [::1 GET /template?artid=pre 304 5ms][http://localhost:8006/release?username=admin HTTP/1.1 Mozilla/5.0 (Windows NT 6.1; Win64; x64) AppleWebKit/537.36 (KHTML, like Gecko) Chrome/77.0.3865.75 Safari/537.36]
[2019-12-04T10:48:04.145] [INFO] http - [::1 GET /template?artid=pre 304 3ms][http://localhost:8006/release?username=admin HTTP/1.1 Mozilla/5.0 (Windows NT 6.1; Win64; x64) AppleWebKit/537.36 (KHTML, like Gecko) Chrome/77.0.3865.75 Safari/537.36]
[2019-12-04T10:48:09.243] [INFO] http - [::1 GET /template?artid=pre 304 4ms][http://localhost:8006/release?username=admin HTTP/1.1 Mozilla/5.0 (Linux; Android 6.0; Nexus 5 Build/MRA58N) AppleWebKit/537.36 (KHTML, like Gecko) Chrome/77.0.3865.75 Mobile Safari/537.36]
[2019-12-04T10:54:34.474] [INFO] http - [::1 GET /template?artid=pre 304 6ms][http://localhost:8006/release?username=admin HTTP/1.1 Mozilla/5.0 (Linux; Android 6.0; Nexus 5 Build/MRA58N) AppleWebKit/537.36 (KHTML, like Gecko) Chrome/77.0.3865.75 Mobile Safari/537.36]
[2019-12-04T10:56:03.627] [INFO] http - [::1 GET /release?username=admin 304 4ms][http://localhost:8006/release?username=admin HTTP/1.1 Mozilla/5.0 (Linux; Android 6.0; Nexus 5 Build/MRA58N) AppleWebKit/537.36 (KHTML, like Gecko) Chrome/77.0.3865.75 Mobile Safari/537.36]
[2019-12-04T10:56:44.075] [INFO] http - [::1 GET /template?artid=pre 304 3ms][http://localhost:8006/release?username=admin HTTP/1.1 Mozilla/5.0 (Windows NT 6.1; Win64; x64) AppleWebKit/537.36 (KHTML, like Gecko) Chrome/77.0.3865.75 Safari/537.36]
[2019-12-04T10:58:56.271] [INFO] http - [::1 GET /template?artid=pre 304 5ms][http://localhost:8006/release?username=admin HTTP/1.1 Mozilla/5.0 (Windows NT 6.1; Win64; x64) AppleWebKit/537.36 (KHTML, like Gecko) Chrome/77.0.3865.75 Safari/537.36]
[2019-12-04T11:00:11.231] [INFO] http - [::1 GET /template?artid=pre 304 2ms][http://localhost:8006/release?username=admin HTTP/1.1 Mozilla/5.0 (Windows NT 6.1; Win64; x64) AppleWebKit/537.36 (KHTML, like Gecko) Chrome/77.0.3865.75 Safari/537.36]
[2019-12-04T11:00:55.193] [INFO] http - [::1 GET /template?artid=pre 304 17ms][http://localhost:8006/release?username=admin HTTP/1.1 Mozilla/5.0 (Windows NT 6.1; Win64; x64) AppleWebKit/537.36 (KHTML, like Gecko) Chrome/77.0.3865.75 Safari/537.36]
[2019-12-04T11:02:35.628] [INFO] http - [::1 GET /release?username=admin 302 19ms][http://localhost:8006/release?username=admin HTTP/1.1 Mozilla/5.0 (Windows NT 6.1; Win64; x64) AppleWebKit/537.36 (KHTML, like Gecko) Chrome/77.0.3865.75 Safari/537.36]
[2019-12-04T11:02:35.714] [INFO] http - [::1 GET / 304 62ms][http://localhost:8006/release?username=admin HTTP/1.1 Mozilla/5.0 (Windows NT 6.1; Win64; x64) AppleWebKit/537.36 (KHTML, like Gecko) Chrome/77.0.3865.75 Safari/537.36]
[2019-12-04T11:02:41.665] [INFO] http - [::1 POST /undefinedlogin 404 15ms][http://localhost:8006/ HTTP/1.1 Mozilla/5.0 (Windows NT 6.1; Win64; x64) AppleWebKit/537.36 (KHTML, like Gecko) Chrome/77.0.3865.75 Safari/537.36]
[2019-12-04T11:02:41.671] [INFO] http - [::1 POST /undefineduserpowerquery 404 1ms][http://localhost:8006/ HTTP/1.1 Mozilla/5.0 (Windows NT 6.1; Win64; x64) AppleWebKit/537.36 (KHTML, like Gecko) Chrome/77.0.3865.75 Safari/537.36]
[2019-12-04T11:03:39.832] [INFO] http - [::1 GET / 200 2ms][http://localhost:8006/release?username=admin HTTP/1.1 Mozilla/5.0 (iPhone; CPU iPhone OS 11_0 like Mac OS X) AppleWebKit/604.1.38 (KHTML, like Gecko) Version/11.0 Mobile/15A372 Safari/604.1]
[2019-12-04T11:03:46.223] [INFO] http - [::1 POST /login 200 14ms][http://localhost:8006/ HTTP/1.1 Mozilla/5.0 (iPhone; CPU iPhone OS 11_0 like Mac OS X) AppleWebKit/604.1.38 (KHTML, like Gecko) Version/11.0 Mobile/15A372 Safari/604.1]
[2019-12-04T11:03:46.579] [INFO] http - [::1 GET /public/manager/assets/global/plugins/echartsjs/echarts.js.map 404 2ms][ HTTP/1.1 Mozilla/5.0 (iPhone; CPU iPhone OS 11_0 like Mac OS X) AppleWebKit/604.1.38 (KHTML, like Gecko) Version/11.0 Mobile/15A372 Safari/604.1]
[2019-12-04T11:03:50.917] [INFO] http - [::1 GET /release?username=admin 200 4ms][http://localhost:8006/login HTTP/1.1 Mozilla/5.0 (Windows NT 6.1; Win64; x64) AppleWebKit/537.36 (KHTML, like Gecko) Chrome/77.0.3865.75 Safari/537.36]
[2019-12-04T11:04:06.607] [INFO] http - [::1 GET /release?username=admin 200 6ms][http://localhost:8006/login HTTP/1.1 Mozilla/5.0 (Windows NT 6.1; Win64; x64) AppleWebKit/537.36 (KHTML, like Gecko) Chrome/77.0.3865.75 Safari/537.36]
[2019-12-04T11:04:07.571] [INFO] http - [::1 GET /release?username=admin 304 9ms][http://localhost:8006/login HTTP/1.1 Mozilla/5.0 (Windows NT 6.1; Win64; x64) AppleWebKit/537.36 (KHTML, like Gecko) Chrome/77.0.3865.75 Safari/537.36]
[2019-12-04T11:05:13.729] [INFO] http - [::1 GET /release?username=admin 304 7ms][http://localhost:8006/login HTTP/1.1 Mozilla/5.0 (Windows NT 6.1; Win64; x64) AppleWebKit/537.36 (KHTML, like Gecko) Chrome/77.0.3865.75 Safari/537.36]
[2019-12-04T11:05:18.222] [INFO] http - [::1 GET /release?username=admin 304 4ms][http://localhost:8006/release?username=admin HTTP/1.1 Mozilla/5.0 (Windows NT 6.1; Win64; x64) AppleWebKit/537.36 (KHTML, like Gecko) Chrome/77.0.3865.75 Safari/537.36]
[2019-12-04T17:30:19.424] [INFO] http - [::1 GET /menu?username=admin 200 231ms][http://localhost:8006/release?username=admin HTTP/1.1 Mozilla/5.0 (Windows NT 6.1; Win64; x64) AppleWebKit/537.36 (KHTML, like Gecko) Chrome/77.0.3865.75 Safari/537.36]
[2019-12-04T17:35:20.080] [INFO] http - [::1 GET /rolepower?username=admin 200 25ms][http://localhost:8006/menu?username=admin HTTP/1.1 Mozilla/5.0 (Windows NT 6.1; Win64; x64) AppleWebKit/537.36 (KHTML, like Gecko) Chrome/77.0.3865.75 Safari/537.36]
[2019-12-04T17:35:39.229] [INFO] http - [::1 GET /logout?username=admin 302 60ms][http://localhost:8006/rolepower?username=admin HTTP/1.1 Mozilla/5.0 (Windows NT 6.1; Win64; x64) AppleWebKit/537.36 (KHTML, like Gecko) Chrome/77.0.3865.75 Safari/537.36]
[2019-12-04T17:35:39.247] [INFO] http - [::1 GET / 304 5ms][http://localhost:8006/rolepower?username=admin HTTP/1.1 Mozilla/5.0 (Windows NT 6.1; Win64; x64) AppleWebKit/537.36 (KHTML, like Gecko) Chrome/77.0.3865.75 Safari/537.36]
[2019-12-04T17:35:46.235] [INFO] http - [::1 POST /login 200 136ms][http://localhost:8006/ HTTP/1.1 Mozilla/5.0 (Windows NT 6.1; Win64; x64) AppleWebKit/537.36 (KHTML, like Gecko) Chrome/77.0.3865.75 Safari/537.36]
[2019-12-04T17:35:52.053] [INFO] http - [::1 GET /price?username=admin 404 2ms][http://localhost:8006/login HTTP/1.1 Mozilla/5.0 (Windows NT 6.1; Win64; x64) AppleWebKit/537.36 (KHTML, like Gecko) Chrome/77.0.3865.75 Safari/537.36]
[2019-12-04T17:36:02.216] [INFO] http - [::1 POST /login 200 393ms][http://localhost:8006/ HTTP/1.1 Mozilla/5.0 (Windows NT 6.1; Win64; x64) AppleWebKit/537.36 (KHTML, like Gecko) Chrome/77.0.3865.75 Safari/537.36]
[2019-12-04T17:36:06.435] [INFO] http - [::1 GET /price?username=admin 200 41ms][http://localhost:8006/login HTTP/1.1 Mozilla/5.0 (Windows NT 6.1; Win64; x64) AppleWebKit/537.36 (KHTML, like Gecko) Chrome/77.0.3865.75 Safari/537.36]
[2019-12-04T17:36:10.022] [INFO] http - [::1 GET /coupon?username=admin 200 61ms][http://localhost:8006/price?username=admin HTTP/1.1 Mozilla/5.0 (Windows NT 6.1; Win64; x64) AppleWebKit/537.36 (KHTML, like Gecko) Chrome/77.0.3865.75 Safari/537.36]
[2019-12-04T17:36:13.862] [INFO] http - [::1 GET /public/manager/assets/global/plugins/datatables/pdfmake.min.js.map 404 2ms][ HTTP/1.1 Mozilla/5.0 (iPhone; CPU iPhone OS 11_0 like Mac OS X) AppleWebKit/604.1.38 (KHTML, like Gecko) Version/11.0 Mobile/15A372 Safari/604.1]
[2019-12-04T17:37:59.150] [INFO] http - [::1 GET /coupon?username=admin 304 10ms][http://localhost:8006/coupon?username=admin HTTP/1.1 Mozilla/5.0 (Windows NT 6.1; Win64; x64) AppleWebKit/537.36 (KHTML, like Gecko) Chrome/77.0.3865.75 Safari/537.36]
[2019-12-04T17:38:07.609] [INFO] http - [::1 GET /release?username=admin 200 6ms][http://localhost:8006/coupon?username=admin HTTP/1.1 Mozilla/5.0 (Windows NT 6.1; Win64; x64) AppleWebKit/537.36 (KHTML, like Gecko) Chrome/77.0.3865.75 Safari/537.36]
[2019-12-04T17:38:08.968] [INFO] http - [::1 GET /artlist?username=admin 200 23ms][http://localhost:8006/release?username=admin HTTP/1.1 Mozilla/5.0 (Windows NT 6.1; Win64; x64) AppleWebKit/537.36 (KHTML, like Gecko) Chrome/77.0.3865.75 Safari/537.36]
[2019-12-04T17:38:11.948] [INFO] http - [::1 GET /public/manager/assets/global/plugins/datatables/pdfmake.min.js.map 404 1ms][ HTTP/1.1 Mozilla/5.0 (iPhone; CPU iPhone OS 11_0 like Mac OS X) AppleWebKit/604.1.38 (KHTML, like Gecko) Version/11.0 Mobile/15A372 Safari/604.1]
[2019-12-04T17:40:51.587] [INFO] http - [::1 GET /artlist?username=admin 304 12ms][http://localhost:8006/artlist?username=admin HTTP/1.1 Mozilla/5.0 (Windows NT 6.1; Win64; x64) AppleWebKit/537.36 (KHTML, like Gecko) Chrome/77.0.3865.75 Safari/537.36]
[2019-12-04T17:40:54.314] [INFO] http - [::1 GET /release?username=admin 304 8ms][http://localhost:8006/artlist?username=admin HTTP/1.1 Mozilla/5.0 (Windows NT 6.1; Win64; x64) AppleWebKit/537.36 (KHTML, like Gecko) Chrome/77.0.3865.75 Safari/537.36]
[2019-12-04T17:40:55.461] [INFO] http - [::1 GET /artlist?username=admin 304 8ms][http://localhost:8006/release?username=admin HTTP/1.1 Mozilla/5.0 (Windows NT 6.1; Win64; x64) AppleWebKit/537.36 (KHTML, like Gecko) Chrome/77.0.3865.75 Safari/537.36]
[2019-12-04T17:40:58.768] [INFO] http - [::1 GET /price?username=admin 304 14ms][http://localhost:8006/artlist?username=admin HTTP/1.1 Mozilla/5.0 (Windows NT 6.1; Win64; x64) AppleWebKit/537.36 (KHTML, like Gecko) Chrome/77.0.3865.75 Safari/537.36]
[2019-12-04T17:41:53.195] [INFO] http - [::1 GET /price?username=admin 200 5ms][http://localhost:8006/price?username=admin HTTP/1.1 Mozilla/5.0 (Windows NT 6.1; Win64; x64) AppleWebKit/537.36 (KHTML, like Gecko) Chrome/77.0.3865.75 Safari/537.36]
[2019-12-04T17:42:11.187] [INFO] http - [::1 GET /price?username=admin 200 13ms][http://localhost:8006/price?username=admin HTTP/1.1 Mozilla/5.0 (Windows NT 6.1; Win64; x64) AppleWebKit/537.36 (KHTML, like Gecko) Chrome/77.0.3865.75 Safari/537.36]
[2019-12-04T17:42:16.025] [INFO] http - [::1 GET /coupon?username=admin 304 9ms][http://localhost:8006/price?username=admin HTTP/1.1 Mozilla/5.0 (Windows NT 6.1; Win64; x64) AppleWebKit/537.36 (KHTML, like Gecko) Chrome/77.0.3865.75 Safari/537.36]
[2019-12-04T17:42:58.892] [INFO] http - [::1 GET /release?username=admin 304 12ms][http://localhost:8006/coupon?username=admin HTTP/1.1 Mozilla/5.0 (Windows NT 6.1; Win64; x64) AppleWebKit/537.36 (KHTML, like Gecko) Chrome/77.0.3865.75 Safari/537.36]
[2019-12-04T17:43:00.063] [INFO] http - [::1 GET /artlist?username=admin 304 4ms][http://localhost:8006/release?username=admin HTTP/1.1 Mozilla/5.0 (Windows NT 6.1; Win64; x64) AppleWebKit/537.36 (KHTML, like Gecko) Chrome/77.0.3865.75 Safari/537.36]
[2019-12-04T17:43:05.525] [INFO] http - [::1 GET /coupon?username=admin 200 5ms][http://localhost:8006/artlist?username=admin HTTP/1.1 Mozilla/5.0 (Windows NT 6.1; Win64; x64) AppleWebKit/537.36 (KHTML, like Gecko) Chrome/77.0.3865.75 Safari/537.36]
[2019-12-04T17:43:09.304] [INFO] http - [::1 GET /feature?username=admin 200 10ms][http://localhost:8006/coupon?username=admin HTTP/1.1 Mozilla/5.0 (Windows NT 6.1; Win64; x64) AppleWebKit/537.36 (KHTML, like Gecko) Chrome/77.0.3865.75 Safari/537.36]
